<?xml version="1.0" encoding="UTF-8"?>
<!-- Generated by org.testng.reporters.JUnitReportReporter -->
<testsuite hostname="DESKTOP-KHS7TGV" failures="0" tests="2" name="listeners.LoginTest" time="0.011" errors="0" timestamp="2021-06-10T01:12:54 IST" skipped="0">
  <testcase classname="listeners.LoginTest" name="loginwithFacebook" time="0.002"/>
  <system-out/>
  <testcase classname="listeners.LoginTest" name="loginwithEmail" time="0.009"/>
  <system-out/>
</testsuite> <!-- listeners.LoginTest -->
